<?xml version="1.0" encoding="UTF-8"?>
<!-- Generated by org.testng.reporters.JUnitReportReporter -->
<testsuite hostname="DESKTOP-4H5LS01" failures="0" tests="4" name="testScript.Assertion" time="47.071" errors="0" timestamp="2024-11-13T11:22:57 IST" skipped="0">
  <testcase classname="testScript.Assertion" name="show" time="14.529"/>
  <testcase classname="testScript.Assertion" name="show2" time="8.237"/>
  <testcase classname="testScript.Assertion" name="show3" time="15.912"/>
  <testcase classname="testScript.Assertion" name="show1" time="8.393"/>
</testsuite> <!-- testScript.Assertion -->
