<?xml version="1.0" encoding="UTF-8"?>
<!-- Generated by org.testng.reporters.JUnitReportReporter -->
<testsuite hostname="DESKTOP-4H5LS01" failures="0" tests="2" name="testScript.Testclass" time="15.508" errors="0" timestamp="2024-11-13T11:22:57 IST" skipped="0">
  <testcase classname="testScript.Testclass" name="sample" time="8.695"/>
  <testcase classname="testScript.Testclass" name="display" time="6.813"/>
</testsuite> <!-- testScript.Testclass -->
